This file contains any messages produced by compilers while
running configure, to aid debugging if configure makes a mistake.

It was created by bullet configure 2.82, which was
generated by GNU Autoconf 2.63.  Invocation command line was

  $ ./configure 

## --------- ##
## Platform. ##
## --------- ##

hostname = localhost.localdomain
uname -m = x86_64
uname -r = 2.6.32-431.1.2.el6.x86_64
uname -s = Linux
uname -v = #1 SMP Thu Dec 12 13:59:19 CST 2013

/usr/bin/uname -p = unknown
/bin/uname -X     = unknown

/bin/arch              = x86_64
/usr/bin/arch -k       = unknown
/usr/convex/getsysinfo = unknown
/usr/bin/hostinfo      = unknown
/bin/machine           = unknown
/usr/bin/oslevel       = unknown
/bin/universe          = unknown

PATH: /usr/lib64/qt-3.3/bin
PATH: /usr/local/bin
PATH: /usr/bin
PATH: /bin
PATH: /usr/local/sbin
PATH: /usr/sbin
PATH: /sbin
PATH: /home/delpart/bin


## ----------- ##
## Core tests. ##
## ----------- ##

configure:2085: checking build system type
configure:2103: result: x86_64-unknown-linux-gnu
configure:2125: checking host system type
configure:2140: result: x86_64-unknown-linux-gnu
configure:2179: checking for a BSD-compatible install
configure:2247: result: /usr/bin/install -c
configure:2258: checking whether build environment is sane
configure:2318: result: yes
configure:2459: checking for a thread-safe mkdir -p
configure:2498: result: /bin/mkdir -p
configure:2511: checking for gawk
configure:2527: found /usr/bin/gawk
configure:2538: result: gawk
configure:2549: checking whether make sets $(MAKE)
configure:2571: result: yes
configure:2665: checking for style of include used by make
configure:2693: result: GNU
configure:2763: checking for gcc
configure:2779: found /usr/bin/gcc
configure:2790: result: gcc
configure:3022: checking for C compiler version
configure:3030: gcc --version >&5
gcc (GCC) 4.4.7 20120313 (Red Hat 4.4.7-4)
Copyright (C) 2010 Free Software Foundation, Inc.
This is free software; see the source for copying conditions.  There is NO
warranty; not even for MERCHANTABILITY or FITNESS FOR A PARTICULAR PURPOSE.

configure:3034: $? = 0
configure:3041: gcc -v >&5
Using built-in specs.
Target: x86_64-redhat-linux
Configured with: ../configure --prefix=/usr --mandir=/usr/share/man --infodir=/usr/share/info --with-bugurl=http://bugzilla.redhat.com/bugzilla --enable-bootstrap --enable-shared --enable-threads=posix --enable-checking=release --with-system-zlib --enable-__cxa_atexit --disable-libunwind-exceptions --enable-gnu-unique-object --enable-languages=c,c++,objc,obj-c++,java,fortran,ada --enable-java-awt=gtk --disable-dssi --with-java-home=/usr/lib/jvm/java-1.5.0-gcj-1.5.0.0/jre --enable-libgcj-multifile --enable-java-maintainer-mode --with-ecj-jar=/usr/share/java/eclipse-ecj.jar --disable-libjava-multilib --with-ppl --with-cloog --with-tune=generic --with-arch_32=i686 --build=x86_64-redhat-linux
Thread model: posix
gcc version 4.4.7 20120313 (Red Hat 4.4.7-4) (GCC) 
configure:3045: $? = 0
configure:3052: gcc -V >&5
gcc: '-V' option must have argument
configure:3056: $? = 1
configure:3079: checking for C compiler default output file name
configure:3101: gcc    conftest.c  >&5
configure:3105: $? = 0
configure:3143: result: a.out
configure:3162: checking whether the C compiler works
configure:3172: ./a.out
configure:3176: $? = 0
configure:3195: result: yes
configure:3202: checking whether we are cross compiling
configure:3204: result: no
configure:3207: checking for suffix of executables
configure:3214: gcc -o conftest    conftest.c  >&5
configure:3218: $? = 0
configure:3244: result: 
configure:3250: checking for suffix of object files
configure:3276: gcc -c   conftest.c >&5
configure:3280: $? = 0
configure:3305: result: o
configure:3309: checking whether we are using the GNU C compiler
configure:3338: gcc -c   conftest.c >&5
configure:3345: $? = 0
configure:3362: result: yes
configure:3371: checking whether gcc accepts -g
configure:3401: gcc -c -g  conftest.c >&5
configure:3408: $? = 0
configure:3509: result: yes
configure:3526: checking for gcc option to accept ISO C89
configure:3600: gcc  -c -g -O2  conftest.c >&5
configure:3607: $? = 0
configure:3630: result: none needed
configure:3650: checking dependency style of gcc
configure:3760: result: gcc3
configure:3776: checking whether gcc and cc understand -c and -o together
configure:3811: gcc -c conftest.c -o conftest2.o >&5
configure:3815: $? = 0
configure:3821: gcc -c conftest.c -o conftest2.o >&5
configure:3825: $? = 0
configure:3836: cc -c conftest.c >&5
configure:3840: $? = 0
configure:3848: cc -c conftest.c -o conftest2.o >&5
configure:3852: $? = 0
configure:3858: cc -c conftest.c -o conftest2.o >&5
configure:3862: $? = 0
configure:3880: result: yes
configure:3965: checking for g++
configure:3981: found /usr/bin/g++
configure:3992: result: g++
configure:4019: checking for C++ compiler version
configure:4027: g++ --version >&5
g++ (GCC) 4.4.7 20120313 (Red Hat 4.4.7-4)
Copyright (C) 2010 Free Software Foundation, Inc.
This is free software; see the source for copying conditions.  There is NO
warranty; not even for MERCHANTABILITY or FITNESS FOR A PARTICULAR PURPOSE.

configure:4031: $? = 0
configure:4038: g++ -v >&5
Using built-in specs.
Target: x86_64-redhat-linux
Configured with: ../configure --prefix=/usr --mandir=/usr/share/man --infodir=/usr/share/info --with-bugurl=http://bugzilla.redhat.com/bugzilla --enable-bootstrap --enable-shared --enable-threads=posix --enable-checking=release --with-system-zlib --enable-__cxa_atexit --disable-libunwind-exceptions --enable-gnu-unique-object --enable-languages=c,c++,objc,obj-c++,java,fortran,ada --enable-java-awt=gtk --disable-dssi --with-java-home=/usr/lib/jvm/java-1.5.0-gcj-1.5.0.0/jre --enable-libgcj-multifile --enable-java-maintainer-mode --with-ecj-jar=/usr/share/java/eclipse-ecj.jar --disable-libjava-multilib --with-ppl --with-cloog --with-tune=generic --with-arch_32=i686 --build=x86_64-redhat-linux
Thread model: posix
gcc version 4.4.7 20120313 (Red Hat 4.4.7-4) (GCC) 
configure:4042: $? = 0
configure:4049: g++ -V >&5
g++: '-V' option must have argument
configure:4053: $? = 1
configure:4056: checking whether we are using the GNU C++ compiler
configure:4085: g++ -c   conftest.cpp >&5
configure:4092: $? = 0
configure:4109: result: yes
configure:4118: checking whether g++ accepts -g
configure:4148: g++ -c -g  conftest.cpp >&5
configure:4155: $? = 0
configure:4256: result: yes
configure:4281: checking dependency style of g++
configure:4391: result: gcc3
configure:4431: checking for a sed that does not truncate output
configure:4497: result: /bin/sed
configure:4515: checking for grep that handles long lines and -e
configure:4575: result: /bin/grep
configure:4580: checking for egrep
configure:4644: result: /bin/grep -E
configure:4649: checking for fgrep
configure:4713: result: /bin/grep -F
configure:4748: checking for ld used by gcc
configure:4815: result: /usr/bin/ld
configure:4824: checking if the linker (/usr/bin/ld) is GNU ld
configure:4839: result: yes
configure:4851: checking for BSD- or MS-compatible name lister (nm)
configure:4900: result: /usr/bin/nm -B
configure:5018: checking the name lister (/usr/bin/nm -B) interface
configure:5025: gcc -c -g -O2  conftest.c >&5
configure:5028: /usr/bin/nm -B "conftest.o"
configure:5031: output
0000000000000000 B some_variable
configure:5038: result: BSD nm
configure:5041: checking whether ln -s works
configure:5045: result: yes
configure:5053: checking the maximum length of command line arguments
configure:5173: result: 1966080
configure:5190: checking whether the shell understands some XSI constructs
configure:5200: result: yes
configure:5204: checking whether the shell understands "+="
configure:5210: result: yes
configure:5245: checking for /usr/bin/ld option to reload object files
configure:5252: result: -r
configure:5321: checking for objdump
configure:5337: found /usr/bin/objdump
configure:5348: result: objdump
configure:5380: checking how to recognize dependent libraries
configure:5576: result: pass_all
configure:5636: checking for ar
configure:5652: found /usr/bin/ar
configure:5663: result: ar
configure:5741: checking for strip
configure:5757: found /usr/bin/strip
configure:5768: result: strip
configure:5840: checking for ranlib
configure:5856: found /usr/bin/ranlib
configure:5867: result: ranlib
configure:5957: checking command to parse /usr/bin/nm -B output from gcc object
configure:6075: gcc -c -g -O2  conftest.c >&5
configure:6078: $? = 0
configure:6082: /usr/bin/nm -B conftest.o \| sed -n -e 's/^.*[	 ]\([ABCDGIRSTW][ABCDGIRSTW]*\)[	 ][	 ]*\([_A-Za-z][_A-Za-z0-9]*\)$/\1 \2 \2/p' \> conftest.nm
configure:6085: $? = 0
configure:6139: gcc -o conftest -g -O2   conftest.c conftstm.o >&5
configure:6142: $? = 0
configure:6180: result: ok
configure:6276: gcc -c -g -O2  conftest.c >&5
configure:6279: $? = 0
configure:7047: checking how to run the C preprocessor
configure:7087: gcc -E  conftest.c
configure:7094: $? = 0
configure:7125: gcc -E  conftest.c
conftest.c:10:28: error: ac_nonexistent.h: No such file or directory
configure:7132: $? = 1
configure: failed program was:
| /* confdefs.h.  */
| #define PACKAGE_NAME "bullet"
| #define PACKAGE_TARNAME "bullet"
| #define PACKAGE_VERSION "2.82"
| #define PACKAGE_STRING "bullet 2.82"
| #define PACKAGE_BUGREPORT "erwin.coumans@gmail.com"
| #define PACKAGE "bullet"
| #define VERSION "2.82"
| /* end confdefs.h.  */
| #include <ac_nonexistent.h>
configure:7165: result: gcc -E
configure:7194: gcc -E  conftest.c
configure:7201: $? = 0
configure:7232: gcc -E  conftest.c
conftest.c:10:28: error: ac_nonexistent.h: No such file or directory
configure:7239: $? = 1
configure: failed program was:
| /* confdefs.h.  */
| #define PACKAGE_NAME "bullet"
| #define PACKAGE_TARNAME "bullet"
| #define PACKAGE_VERSION "2.82"
| #define PACKAGE_STRING "bullet 2.82"
| #define PACKAGE_BUGREPORT "erwin.coumans@gmail.com"
| #define PACKAGE "bullet"
| #define VERSION "2.82"
| /* end confdefs.h.  */
| #include <ac_nonexistent.h>
configure:7279: checking for ANSI C header files
configure:7309: gcc -c -g -O2  conftest.c >&5
configure:7316: $? = 0
configure:7415: gcc -o conftest -g -O2   conftest.c  >&5
configure:7419: $? = 0
configure:7425: ./conftest
configure:7429: $? = 0
configure:7447: result: yes
configure:7471: checking for sys/types.h
configure:7492: gcc -c -g -O2  conftest.c >&5
configure:7499: $? = 0
configure:7516: result: yes
configure:7471: checking for sys/stat.h
configure:7492: gcc -c -g -O2  conftest.c >&5
configure:7499: $? = 0
configure:7516: result: yes
configure:7471: checking for stdlib.h
configure:7492: gcc -c -g -O2  conftest.c >&5
configure:7499: $? = 0
configure:7516: result: yes
configure:7471: checking for string.h
configure:7492: gcc -c -g -O2  conftest.c >&5
configure:7499: $? = 0
configure:7516: result: yes
configure:7471: checking for memory.h
configure:7492: gcc -c -g -O2  conftest.c >&5
configure:7499: $? = 0
configure:7516: result: yes
configure:7471: checking for strings.h
configure:7492: gcc -c -g -O2  conftest.c >&5
configure:7499: $? = 0
configure:7516: result: yes
configure:7471: checking for inttypes.h
configure:7492: gcc -c -g -O2  conftest.c >&5
configure:7499: $? = 0
configure:7516: result: yes
configure:7471: checking for stdint.h
configure:7492: gcc -c -g -O2  conftest.c >&5
configure:7499: $? = 0
configure:7516: result: yes
configure:7471: checking for unistd.h
configure:7492: gcc -c -g -O2  conftest.c >&5
configure:7499: $? = 0
configure:7516: result: yes
configure:7534: checking for dlfcn.h
configure:7555: gcc -c -g -O2  conftest.c >&5
configure:7562: $? = 0
configure:7579: result: yes
configure:7706: checking for C++ compiler version
configure:7714: g++ --version >&5
g++ (GCC) 4.4.7 20120313 (Red Hat 4.4.7-4)
Copyright (C) 2010 Free Software Foundation, Inc.
This is free software; see the source for copying conditions.  There is NO
warranty; not even for MERCHANTABILITY or FITNESS FOR A PARTICULAR PURPOSE.

configure:7718: $? = 0
configure:7725: g++ -v >&5
Using built-in specs.
Target: x86_64-redhat-linux
Configured with: ../configure --prefix=/usr --mandir=/usr/share/man --infodir=/usr/share/info --with-bugurl=http://bugzilla.redhat.com/bugzilla --enable-bootstrap --enable-shared --enable-threads=posix --enable-checking=release --with-system-zlib --enable-__cxa_atexit --disable-libunwind-exceptions --enable-gnu-unique-object --enable-languages=c,c++,objc,obj-c++,java,fortran,ada --enable-java-awt=gtk --disable-dssi --with-java-home=/usr/lib/jvm/java-1.5.0-gcj-1.5.0.0/jre --enable-libgcj-multifile --enable-java-maintainer-mode --with-ecj-jar=/usr/share/java/eclipse-ecj.jar --disable-libjava-multilib --with-ppl --with-cloog --with-tune=generic --with-arch_32=i686 --build=x86_64-redhat-linux
Thread model: posix
gcc version 4.4.7 20120313 (Red Hat 4.4.7-4) (GCC) 
configure:7729: $? = 0
configure:7736: g++ -V >&5
g++: '-V' option must have argument
configure:7740: $? = 1
configure:7743: checking whether we are using the GNU C++ compiler
configure:7796: result: yes
configure:7805: checking whether g++ accepts -g
configure:7943: result: yes
configure:7968: checking dependency style of g++
configure:8078: result: gcc3
configure:8101: checking how to run the C++ preprocessor
configure:8137: g++ -E  conftest.cpp
configure:8144: $? = 0
configure:8175: g++ -E  conftest.cpp
conftest.cpp:21:28: error: ac_nonexistent.h: No such file or directory
configure:8182: $? = 1
configure: failed program was:
| /* confdefs.h.  */
| #define PACKAGE_NAME "bullet"
| #define PACKAGE_TARNAME "bullet"
| #define PACKAGE_VERSION "2.82"
| #define PACKAGE_STRING "bullet 2.82"
| #define PACKAGE_BUGREPORT "erwin.coumans@gmail.com"
| #define PACKAGE "bullet"
| #define VERSION "2.82"
| #define STDC_HEADERS 1
| #define HAVE_SYS_TYPES_H 1
| #define HAVE_SYS_STAT_H 1
| #define HAVE_STDLIB_H 1
| #define HAVE_STRING_H 1
| #define HAVE_MEMORY_H 1
| #define HAVE_STRINGS_H 1
| #define HAVE_INTTYPES_H 1
| #define HAVE_STDINT_H 1
| #define HAVE_UNISTD_H 1
| #define HAVE_DLFCN_H 1
| /* end confdefs.h.  */
| #include <ac_nonexistent.h>
configure:8215: result: g++ -E
configure:8244: g++ -E  conftest.cpp
configure:8251: $? = 0
configure:8282: g++ -E  conftest.cpp
conftest.cpp:21:28: error: ac_nonexistent.h: No such file or directory
configure:8289: $? = 1
configure: failed program was:
| /* confdefs.h.  */
| #define PACKAGE_NAME "bullet"
| #define PACKAGE_TARNAME "bullet"
| #define PACKAGE_VERSION "2.82"
| #define PACKAGE_STRING "bullet 2.82"
| #define PACKAGE_BUGREPORT "erwin.coumans@gmail.com"
| #define PACKAGE "bullet"
| #define VERSION "2.82"
| #define STDC_HEADERS 1
| #define HAVE_SYS_TYPES_H 1
| #define HAVE_SYS_STAT_H 1
| #define HAVE_STDLIB_H 1
| #define HAVE_STRING_H 1
| #define HAVE_MEMORY_H 1
| #define HAVE_STRINGS_H 1
| #define HAVE_INTTYPES_H 1
| #define HAVE_STDINT_H 1
| #define HAVE_UNISTD_H 1
| #define HAVE_DLFCN_H 1
| /* end confdefs.h.  */
| #include <ac_nonexistent.h>
configure:8503: checking for objdir
configure:8518: result: .libs
configure:8810: checking if gcc supports -fno-rtti -fno-exceptions
configure:8828: gcc -c -g -O2  -fno-rtti -fno-exceptions conftest.c >&5
cc1: warning: command line option "-fno-rtti" is valid for C++/ObjC++ but not for C
configure:8832: $? = 0
configure:8845: result: no
configure:8865: checking for gcc option to produce PIC
configure:9137: result: -fPIC -DPIC
configure:9149: checking if gcc PIC flag -fPIC -DPIC works
configure:9167: gcc -c -g -O2  -fPIC -DPIC -DPIC conftest.c >&5
configure:9171: $? = 0
configure:9184: result: yes
configure:9208: checking if gcc static flag -static works
configure:9236: result: no
configure:9251: checking if gcc supports -c -o file.o
configure:9272: gcc -c -g -O2  -o out/conftest2.o conftest.c >&5
configure:9276: $? = 0
configure:9298: result: yes
configure:9306: checking if gcc supports -c -o file.o
configure:9353: result: yes
configure:9386: checking whether the gcc linker (/usr/bin/ld -m elf_x86_64) supports shared libraries
configure:10460: result: yes
configure:10497: checking whether -lc should be explicitly linked in
configure:10502: gcc -c -g -O2  conftest.c >&5
configure:10505: $? = 0
configure:10520: gcc -shared conftest.o  -v -Wl,-soname -Wl,conftest -o conftest 2\>\&1 \| /bin/grep  -lc  \>/dev/null 2\>\&1
configure:10523: $? = 0
configure:10535: result: no
configure:10699: checking dynamic linker characteristics
configure:11142: gcc -o conftest -g -O2   -Wl,-rpath -Wl,/foo conftest.c  >&5
configure:11149: $? = 0
configure:11385: result: GNU/Linux ld.so
configure:11487: checking how to hardcode library paths into programs
configure:11512: result: immediate
configure:12345: checking whether stripping libraries is possible
configure:12350: result: yes
configure:12385: checking if libtool supports shared libraries
configure:12387: result: yes
configure:12390: checking whether to build shared libraries
configure:12411: result: yes
configure:12414: checking whether to build static libraries
configure:12418: result: yes
configure:12568: checking for ld used by g++
configure:12635: result: /usr/bin/ld -m elf_x86_64
configure:12644: checking if the linker (/usr/bin/ld -m elf_x86_64) is GNU ld
configure:12659: result: yes
configure:12714: checking whether the g++ linker (/usr/bin/ld -m elf_x86_64) supports shared libraries
configure:13689: result: yes
configure:13717: g++ -c -g -O2  conftest.cpp >&5
configure:13720: $? = 0
configure:13902: checking for g++ option to produce PIC
configure:14219: result: -fPIC -DPIC
configure:14228: checking if g++ PIC flag -fPIC -DPIC works
configure:14246: g++ -c -g -O2  -fPIC -DPIC -DPIC conftest.cpp >&5
configure:14250: $? = 0
configure:14263: result: yes
configure:14284: checking if g++ static flag -static works
configure:14312: result: no
configure:14324: checking if g++ supports -c -o file.o
configure:14345: g++ -c -g -O2  -o out/conftest2.o conftest.cpp >&5
configure:14349: $? = 0
configure:14371: result: yes
configure:14376: checking if g++ supports -c -o file.o
configure:14423: result: yes
configure:14453: checking whether the g++ linker (/usr/bin/ld -m elf_x86_64) supports shared libraries
configure:14479: result: yes
configure:14616: checking dynamic linker characteristics
configure:15007: g++ -o conftest -g -O2   -Wl,-rpath -Wl,/foo conftest.cpp  >&5
configure:15014: $? = 0
configure:15250: result: GNU/Linux ld.so
configure:15301: checking how to hardcode library paths into programs
configure:15326: result: immediate
configure:15459: checking whether byte ordering is bigendian
configure:15484: gcc -c -g -O2  conftest.c >&5
conftest.c:25: error: expected '=', ',', ';', 'asm' or '__attribute__' before 'a'
configure:15491: $? = 1
configure: failed program was:
| /* confdefs.h.  */
| #define PACKAGE_NAME "bullet"
| #define PACKAGE_TARNAME "bullet"
| #define PACKAGE_VERSION "2.82"
| #define PACKAGE_STRING "bullet 2.82"
| #define PACKAGE_BUGREPORT "erwin.coumans@gmail.com"
| #define PACKAGE "bullet"
| #define VERSION "2.82"
| #define STDC_HEADERS 1
| #define HAVE_SYS_TYPES_H 1
| #define HAVE_SYS_STAT_H 1
| #define HAVE_STDLIB_H 1
| #define HAVE_STRING_H 1
| #define HAVE_MEMORY_H 1
| #define HAVE_STRINGS_H 1
| #define HAVE_INTTYPES_H 1
| #define HAVE_STDINT_H 1
| #define HAVE_UNISTD_H 1
| #define HAVE_DLFCN_H 1
| #define LT_OBJDIR ".libs/"
| #define PLATFORM_LINUX 1
| #define ARCH_X86_64 1
| /* end confdefs.h.  */
| #ifndef __APPLE_CC__
| 	       not a universal capable compiler
| 	     #endif
| 	     typedef int dummy;
| 
configure:15541: gcc -c -g -O2  conftest.c >&5
configure:15548: $? = 0
configure:15580: gcc -c -g -O2  conftest.c >&5
conftest.c: In function 'main':
conftest.c:31: error: 'not' undeclared (first use in this function)
conftest.c:31: error: (Each undeclared identifier is reported only once
conftest.c:31: error: for each function it appears in.)
conftest.c:31: error: expected ';' before 'big'
configure:15587: $? = 1
configure: failed program was:
| /* confdefs.h.  */
| #define PACKAGE_NAME "bullet"
| #define PACKAGE_TARNAME "bullet"
| #define PACKAGE_VERSION "2.82"
| #define PACKAGE_STRING "bullet 2.82"
| #define PACKAGE_BUGREPORT "erwin.coumans@gmail.com"
| #define PACKAGE "bullet"
| #define VERSION "2.82"
| #define STDC_HEADERS 1
| #define HAVE_SYS_TYPES_H 1
| #define HAVE_SYS_STAT_H 1
| #define HAVE_STDLIB_H 1
| #define HAVE_STRING_H 1
| #define HAVE_MEMORY_H 1
| #define HAVE_STRINGS_H 1
| #define HAVE_INTTYPES_H 1
| #define HAVE_STDINT_H 1
| #define HAVE_UNISTD_H 1
| #define HAVE_DLFCN_H 1
| #define LT_OBJDIR ".libs/"
| #define PLATFORM_LINUX 1
| #define ARCH_X86_64 1
| /* end confdefs.h.  */
| #include <sys/types.h>
| 		#include <sys/param.h>
| 
| int
| main ()
| {
| #if BYTE_ORDER != BIG_ENDIAN
| 		 not big endian
| 		#endif
| 
|   ;
|   return 0;
| }
configure:15839: result: no
configure:15881: checking BulletMultiThreaded
configure:15889: result: no
configure:15939: checking for GL/gl.h
configure:15969: gcc -c -g -O2  conftest.c >&5
configure:15976: $? = 0
configure:15993: result: yes
configure:15939: checking for GL/glu.h
configure:15969: gcc -c -g -O2  conftest.c >&5
configure:15976: $? = 0
configure:15993: result: yes
configure:15939: checking for GL/glext.h
configure:15969: gcc -c -g -O2  conftest.c >&5
configure:15976: $? = 0
configure:15993: result: yes
configure:15939: checking for GL/glut.h
configure:15969: gcc -c -g -O2  conftest.c >&5
configure:15976: $? = 0
configure:15993: result: yes
configure:16012: checking for main in -lGL
configure:16041: gcc -o conftest -g -O2   conftest.c -lGL   >&5
configure:16048: $? = 0
configure:16069: result: yes
configure:16075: checking for main in -lGLU
configure:16104: gcc -o conftest -g -O2   conftest.c -lGLU -lGL  >&5
configure:16111: $? = 0
configure:16132: result: yes
configure:16138: checking for main in -lGLUT
configure:16167: gcc -o conftest -g -O2   conftest.c -lGLUT -lGLUT  >&5
/usr/bin/ld: cannot find -lGLUT
collect2: ld returned 1 exit status
configure:16174: $? = 1
configure: failed program was:
| /* confdefs.h.  */
| #define PACKAGE_NAME "bullet"
| #define PACKAGE_TARNAME "bullet"
| #define PACKAGE_VERSION "2.82"
| #define PACKAGE_STRING "bullet 2.82"
| #define PACKAGE_BUGREPORT "erwin.coumans@gmail.com"
| #define PACKAGE "bullet"
| #define VERSION "2.82"
| #define STDC_HEADERS 1
| #define HAVE_SYS_TYPES_H 1
| #define HAVE_SYS_STAT_H 1
| #define HAVE_STDLIB_H 1
| #define HAVE_STRING_H 1
| #define HAVE_MEMORY_H 1
| #define HAVE_STRINGS_H 1
| #define HAVE_INTTYPES_H 1
| #define HAVE_STDINT_H 1
| #define HAVE_UNISTD_H 1
| #define HAVE_DLFCN_H 1
| #define LT_OBJDIR ".libs/"
| #define PLATFORM_LINUX 1
| #define ARCH_X86_64 1
| #define HAVE_GL_GL_H 1
| #define HAVE_GL_GLU_H 1
| #define HAVE_GL_GLEXT_H 1
| #define HAVE_GL_GLUT_H 1
| /* end confdefs.h.  */
| 
| 
| int
| main ()
| {
| return main ();
|   ;
|   return 0;
| }
configure:16195: result: no
configure:16201: checking for main in -lopengl32
configure:16230: gcc -o conftest -g -O2   conftest.c -lopengl32   >&5
/usr/bin/ld: cannot find -lopengl32
collect2: ld returned 1 exit status
configure:16237: $? = 1
configure: failed program was:
| /* confdefs.h.  */
| #define PACKAGE_NAME "bullet"
| #define PACKAGE_TARNAME "bullet"
| #define PACKAGE_VERSION "2.82"
| #define PACKAGE_STRING "bullet 2.82"
| #define PACKAGE_BUGREPORT "erwin.coumans@gmail.com"
| #define PACKAGE "bullet"
| #define VERSION "2.82"
| #define STDC_HEADERS 1
| #define HAVE_SYS_TYPES_H 1
| #define HAVE_SYS_STAT_H 1
| #define HAVE_STDLIB_H 1
| #define HAVE_STRING_H 1
| #define HAVE_MEMORY_H 1
| #define HAVE_STRINGS_H 1
| #define HAVE_INTTYPES_H 1
| #define HAVE_STDINT_H 1
| #define HAVE_UNISTD_H 1
| #define HAVE_DLFCN_H 1
| #define LT_OBJDIR ".libs/"
| #define PLATFORM_LINUX 1
| #define ARCH_X86_64 1
| #define HAVE_GL_GL_H 1
| #define HAVE_GL_GLU_H 1
| #define HAVE_GL_GLEXT_H 1
| #define HAVE_GL_GLUT_H 1
| /* end confdefs.h.  */
| 
| 
| int
| main ()
| {
| return main ();
|   ;
|   return 0;
| }
configure:16258: result: no
configure:16264: checking for main in -lglu32
configure:16293: gcc -o conftest -g -O2   conftest.c -lglu32 -lopengl32  >&5
/usr/bin/ld: cannot find -lglu32
collect2: ld returned 1 exit status
configure:16300: $? = 1
configure: failed program was:
| /* confdefs.h.  */
| #define PACKAGE_NAME "bullet"
| #define PACKAGE_TARNAME "bullet"
| #define PACKAGE_VERSION "2.82"
| #define PACKAGE_STRING "bullet 2.82"
| #define PACKAGE_BUGREPORT "erwin.coumans@gmail.com"
| #define PACKAGE "bullet"
| #define VERSION "2.82"
| #define STDC_HEADERS 1
| #define HAVE_SYS_TYPES_H 1
| #define HAVE_SYS_STAT_H 1
| #define HAVE_STDLIB_H 1
| #define HAVE_STRING_H 1
| #define HAVE_MEMORY_H 1
| #define HAVE_STRINGS_H 1
| #define HAVE_INTTYPES_H 1
| #define HAVE_STDINT_H 1
| #define HAVE_UNISTD_H 1
| #define HAVE_DLFCN_H 1
| #define LT_OBJDIR ".libs/"
| #define PLATFORM_LINUX 1
| #define ARCH_X86_64 1
| #define HAVE_GL_GL_H 1
| #define HAVE_GL_GLU_H 1
| #define HAVE_GL_GLEXT_H 1
| #define HAVE_GL_GLUT_H 1
| /* end confdefs.h.  */
| 
| 
| int
| main ()
| {
| return main ();
|   ;
|   return 0;
| }
configure:16321: result: no
configure:16335: Found OpenGL
configure:16347: Building Bullet demos
configure:16369: checking build mode
configure:16377: result: optimize
configure:16549: creating ./config.status

## ---------------------- ##
## Running config.status. ##
## ---------------------- ##

This file was extended by bullet config.status 2.82, which was
generated by GNU Autoconf 2.63.  Invocation command line was

  CONFIG_FILES    = 
  CONFIG_HEADERS  = 
  CONFIG_LINKS    = 
  CONFIG_COMMANDS = 
  $ ./config.status 

on localhost.localdomain

config.status:1073: creating bullet.pc
config.status:1073: creating Makefile
config.status:1073: creating Demos/Makefile
config.status:1073: creating Demos/SoftDemo/Makefile
config.status:1073: creating Demos/AllBulletDemos/Makefile
config.status:1073: creating Demos/MultiThreadedDemo/Makefile
config.status:1073: creating Demos/OpenGL/Makefile
config.status:1073: creating Demos/ForkLiftDemo/Makefile
config.status:1073: creating Demos/FeatherstoneMultiBodyDemo/Makefile
config.status:1073: creating Demos/BasicDemo/Makefile
config.status:1073: creating Demos/CcdPhysicsDemo/Makefile
config.status:1073: creating Demos/VehicleDemo/Makefile
config.status:1073: creating Demos/TerrainDemo/Makefile
config.status:1073: creating src/Makefile
config.status:1073: creating Extras/Makefile
config.status:1073: creating config.h
config.status:1290: config.h is unchanged
config.status:1342: executing depfiles commands
config.status:1342: executing libtool commands
configure:19049:

Please type 'make' to build Bullet


## ---------------- ##
## Cache variables. ##
## ---------------- ##

ac_cv_build=x86_64-unknown-linux-gnu
ac_cv_c_bigendian=no
ac_cv_c_compiler_gnu=yes
ac_cv_cxx_compiler_gnu=yes
ac_cv_env_CCC_set=
ac_cv_env_CCC_value=
ac_cv_env_CC_set=
ac_cv_env_CC_value=
ac_cv_env_CFLAGS_set=
ac_cv_env_CFLAGS_value=
ac_cv_env_CPPFLAGS_set=
ac_cv_env_CPPFLAGS_value=
ac_cv_env_CPP_set=
ac_cv_env_CPP_value=
ac_cv_env_CXXCPP_set=
ac_cv_env_CXXCPP_value=
ac_cv_env_CXXFLAGS_set=
ac_cv_env_CXXFLAGS_value=
ac_cv_env_CXX_set=
ac_cv_env_CXX_value=
ac_cv_env_LDFLAGS_set=
ac_cv_env_LDFLAGS_value=
ac_cv_env_LIBS_set=
ac_cv_env_LIBS_value=
ac_cv_env_build_alias_set=
ac_cv_env_build_alias_value=
ac_cv_env_host_alias_set=
ac_cv_env_host_alias_value=
ac_cv_env_target_alias_set=
ac_cv_env_target_alias_value=
ac_cv_header_GL_gl_h=yes
ac_cv_header_GL_glext_h=yes
ac_cv_header_GL_glu_h=yes
ac_cv_header_GL_glut_h=yes
ac_cv_header_dlfcn_h=yes
ac_cv_header_inttypes_h=yes
ac_cv_header_memory_h=yes
ac_cv_header_stdc=yes
ac_cv_header_stdint_h=yes
ac_cv_header_stdlib_h=yes
ac_cv_header_string_h=yes
ac_cv_header_strings_h=yes
ac_cv_header_sys_stat_h=yes
ac_cv_header_sys_types_h=yes
ac_cv_header_unistd_h=yes
ac_cv_host=x86_64-unknown-linux-gnu
ac_cv_lib_GLUT_main=no
ac_cv_lib_GLU_main=yes
ac_cv_lib_GL_main=yes
ac_cv_lib_glu32_main=no
ac_cv_lib_opengl32_main=no
ac_cv_objext=o
ac_cv_path_EGREP='/bin/grep -E'
ac_cv_path_FGREP='/bin/grep -F'
ac_cv_path_GREP=/bin/grep
ac_cv_path_SED=/bin/sed
ac_cv_path_install='/usr/bin/install -c'
ac_cv_path_mkdir=/bin/mkdir
ac_cv_prog_AWK=gawk
ac_cv_prog_CPP='gcc -E'
ac_cv_prog_CXXCPP='g++ -E'
ac_cv_prog_ac_ct_AR=ar
ac_cv_prog_ac_ct_CC=gcc
ac_cv_prog_ac_ct_CXX=g++
ac_cv_prog_ac_ct_OBJDUMP=objdump
ac_cv_prog_ac_ct_RANLIB=ranlib
ac_cv_prog_ac_ct_STRIP=strip
ac_cv_prog_cc_c89=
ac_cv_prog_cc_g=yes
ac_cv_prog_cc_gcc_c_o=yes
ac_cv_prog_cxx_g=yes
ac_cv_prog_make_make_set=yes
am_cv_CC_dependencies_compiler_type=gcc3
am_cv_CXX_dependencies_compiler_type=gcc3
lt_cv_deplibs_check_method=pass_all
lt_cv_file_magic_cmd='$MAGIC_CMD'
lt_cv_file_magic_test_file=
lt_cv_ld_reload_flag=-r
lt_cv_nm_interface='BSD nm'
lt_cv_objdir=.libs
lt_cv_path_LD=/usr/bin/ld
lt_cv_path_LDCXX='/usr/bin/ld -m elf_x86_64'
lt_cv_path_NM='/usr/bin/nm -B'
lt_cv_prog_compiler_c_o=yes
lt_cv_prog_compiler_c_o_CXX=yes
lt_cv_prog_compiler_pic_works=yes
lt_cv_prog_compiler_pic_works_CXX=yes
lt_cv_prog_compiler_rtti_exceptions=no
lt_cv_prog_compiler_static_works=no
lt_cv_prog_compiler_static_works_CXX=no
lt_cv_prog_gnu_ld=yes
lt_cv_prog_gnu_ldcxx=yes
lt_cv_sys_global_symbol_pipe='sed -n -e '\''s/^.*[	 ]\([ABCDGIRSTW][ABCDGIRSTW]*\)[	 ][	 ]*\([_A-Za-z][_A-Za-z0-9]*\)$/\1 \2 \2/p'\'''
lt_cv_sys_global_symbol_to_c_name_address='sed -n -e '\''s/^: \([^ ]*\) $/  {\"\1\", (void *) 0},/p'\'' -e '\''s/^[ABCDGIRSTW]* \([^ ]*\) \([^ ]*\)$/  {"\2", (void *) \&\2},/p'\'''
lt_cv_sys_global_symbol_to_c_name_address_lib_prefix='sed -n -e '\''s/^: \([^ ]*\) $/  {\"\1\", (void *) 0},/p'\'' -e '\''s/^[ABCDGIRSTW]* \([^ ]*\) \(lib[^ ]*\)$/  {"\2", (void *) \&\2},/p'\'' -e '\''s/^[ABCDGIRSTW]* \([^ ]*\) \([^ ]*\)$/  {"lib\2", (void *) \&\2},/p'\'''
lt_cv_sys_global_symbol_to_cdecl='sed -n -e '\''s/^T .* \(.*\)$/extern int \1();/p'\'' -e '\''s/^[ABCDGIRSTW]* .* \(.*\)$/extern char \1;/p'\'''
lt_cv_sys_max_cmd_len=1966080

## ----------------- ##
## Output variables. ##
## ----------------- ##

ACLOCAL='${SHELL} /home/delpart/ba/bullet-2.82-r2704/missing --run aclocal-1.11'
AMDEPBACKSLASH='\'
AMDEP_FALSE='#'
AMDEP_TRUE=''
AMTAR='${SHELL} /home/delpart/ba/bullet-2.82-r2704/missing --run tar'
AR='ar'
AUTOCONF='${SHELL} /home/delpart/ba/bullet-2.82-r2704/missing --run autoconf'
AUTOHEADER='${SHELL} /home/delpart/ba/bullet-2.82-r2704/missing --run autoheader'
AUTOMAKE='${SHELL} /home/delpart/ba/bullet-2.82-r2704/missing --run automake-1.11'
AWK='gawk'
CC='gcc'
CCDEPMODE='depmode=gcc3'
CFLAGS='-DUSE_ADDR64 -g -O2'
CONDITIONAL_BUILD_DEMOS_FALSE='#'
CONDITIONAL_BUILD_DEMOS_TRUE=''
CONDITIONAL_BUILD_MULTITHREADED_FALSE=''
CONDITIONAL_BUILD_MULTITHREADED_TRUE='#'
CPP='gcc -E'
CPPFLAGS=''
CXX='g++'
CXXCPP='g++ -E'
CXXDEPMODE='depmode=gcc3'
CXXFLAGS='-DUSE_ADDR64 -g -O2 -DUSE_ADDR64 -g -O2'
CYGPATH_W='echo'
DEFS='-DHAVE_CONFIG_H'
DEPDIR='.deps'
DSYMUTIL=''
DUMPBIN=''
ECHO_C=''
ECHO_N='-n'
ECHO_T=''
EGREP='/bin/grep -E'
EXEEXT=''
FGREP='/bin/grep -F'
GL_LIBS='-lGLU -lGL'
GREP='/bin/grep'
INSTALL_DATA='${INSTALL} -m 644'
INSTALL_PROGRAM='${INSTALL}'
INSTALL_SCRIPT='${INSTALL}'
INSTALL_STRIP_PROGRAM='$(install_sh) -c -s'
LD='/usr/bin/ld -m elf_x86_64'
LDFLAGS=''
LIBOBJS=''
LIBS=''
LIBTOOL='$(SHELL) $(top_builddir)/libtool'
LIPO=''
LN_S='ln -s'
LTLIBOBJS=''
MAKEINFO='${SHELL} /home/delpart/ba/bullet-2.82-r2704/missing --run makeinfo'
MKDIR_P='/bin/mkdir -p'
NM='/usr/bin/nm -B'
NMEDIT=''
OBJDUMP='objdump'
OBJEXT='o'
OTOOL64=''
OTOOL=''
PACKAGE='bullet'
PACKAGE_BUGREPORT='erwin.coumans@gmail.com'
PACKAGE_NAME='bullet'
PACKAGE_STRING='bullet 2.82'
PACKAGE_TARNAME='bullet'
PACKAGE_VERSION='2.82'
PATH_SEPARATOR=':'
RANLIB='ranlib'
SED='/bin/sed'
SET_MAKE=''
SHELL='/bin/sh'
STRIP='strip'
VERSION='2.82'
ac_ct_CC='gcc'
ac_ct_CXX='g++'
ac_ct_DUMPBIN=''
am__EXEEXT_FALSE=''
am__EXEEXT_TRUE='#'
am__fastdepCC_FALSE='#'
am__fastdepCC_TRUE=''
am__fastdepCXX_FALSE='#'
am__fastdepCXX_TRUE=''
am__include='include'
am__isrc=''
am__leading_dot='.'
am__quote=''
am__tar='${AMTAR} chof - "$$tardir"'
am__untar='${AMTAR} xf -'
bindir='${exec_prefix}/bin'
build='x86_64-unknown-linux-gnu'
build_alias=''
build_cpu='x86_64'
build_os='linux-gnu'
build_vendor='unknown'
datadir='${datarootdir}'
datarootdir='${prefix}/share'
docdir='${datarootdir}/doc/${PACKAGE_TARNAME}'
dvidir='${docdir}'
exec_prefix='${prefix}'
host='x86_64-unknown-linux-gnu'
host_alias=''
host_cpu='x86_64'
host_os='linux-gnu'
host_vendor='unknown'
htmldir='${docdir}'
includedir='${prefix}/include'
infodir='${datarootdir}/info'
install_sh='${SHELL} /home/delpart/ba/bullet-2.82-r2704/install-sh'
libdir='${exec_prefix}/lib'
libexecdir='${exec_prefix}/libexec'
localedir='${datarootdir}/locale'
localstatedir='${prefix}/var'
lt_ECHO='echo'
mandir='${datarootdir}/man'
mkdir_p='/bin/mkdir -p'
oldincludedir='/usr/include'
opengl_LIBS='-lGL -lGLU -lglut'
pdfdir='${docdir}'
prefix='/usr/local'
program_transform_name='s,x,x,'
psdir='${docdir}'
sbindir='${exec_prefix}/sbin'
sharedstatedir='${prefix}/com'
sysconfdir='${prefix}/etc'
target_alias=''

## ----------- ##
## confdefs.h. ##
## ----------- ##

#define PACKAGE_NAME "bullet"
#define PACKAGE_TARNAME "bullet"
#define PACKAGE_VERSION "2.82"
#define PACKAGE_STRING "bullet 2.82"
#define PACKAGE_BUGREPORT "erwin.coumans@gmail.com"
#define PACKAGE "bullet"
#define VERSION "2.82"
#define STDC_HEADERS 1
#define HAVE_SYS_TYPES_H 1
#define HAVE_SYS_STAT_H 1
#define HAVE_STDLIB_H 1
#define HAVE_STRING_H 1
#define HAVE_MEMORY_H 1
#define HAVE_STRINGS_H 1
#define HAVE_INTTYPES_H 1
#define HAVE_STDINT_H 1
#define HAVE_UNISTD_H 1
#define HAVE_DLFCN_H 1
#define LT_OBJDIR ".libs/"
#define PLATFORM_LINUX 1
#define ARCH_X86_64 1
#define HAVE_GL_GL_H 1
#define HAVE_GL_GLU_H 1
#define HAVE_GL_GLEXT_H 1
#define HAVE_GL_GLUT_H 1

configure: exit 0
